\BOOKMARK [0][-]{chapter.1}{\376\377\000P\000e\000n\000g\000a\000n\000t\000a\000r}{}% 1
\BOOKMARK [0][-]{chapter.2}{\376\377\000P\000e\000n\000d\000a\000h\000u\000l\000u\000a\000n}{}% 2
\BOOKMARK [1][-]{section.2.1}{\376\377\000K\000e\000a\000m\000a\000n\000a\000n\000\040\000I\000n\000f\000o\000r\000m\000a\000s\000i}{chapter.2}% 3
\BOOKMARK [1][-]{section.2.2}{\376\377\000B\000e\000b\000e\000r\000a\000p\000a\000\040\000C\000o\000n\000t\000o\000h\000\040\000K\000a\000s\000u\000s}{chapter.2}% 4
\BOOKMARK [1][-]{section.2.3}{\376\377\000S\000e\000c\000u\000r\000i\000t\000y\000\040\000L\000i\000f\000e\000\040\000C\000y\000c\000l\000e}{chapter.2}% 5
\BOOKMARK [1][-]{section.2.4}{\376\377\000K\000e\000a\000m\000a\000n\000a\000n\000\040\000D\000a\000r\000i\000\040\000B\000e\000r\000b\000a\000g\000a\000i\000\040\000E\000l\000e\000m\000e\000n\000\040\000S\000i\000s\000t\000e\000m}{chapter.2}% 6
\BOOKMARK [0][-]{chapter.3}{\376\377\000P\000r\000i\000n\000s\000i\000p\000-\000p\000r\000i\000n\000s\000i\000p\000\040\000K\000e\000a\000m\000a\000n\000a\000n\000\040\000I\000n\000f\000o\000r\000m\000a\000s\000i}{}% 7
\BOOKMARK [1][-]{section.3.1}{\376\377\000A\000s\000p\000e\000k\000\040\000K\000e\000a\000m\000a\000n\000a\000n}{chapter.3}% 8
\BOOKMARK [1][-]{section.3.2}{\376\377\000A\000s\000p\000e\000k\000\040\000K\000e\000a\000m\000a\000n\000a\000n\000\040\000L\000a\000i\000n\000n\000y\000a}{chapter.3}% 9
\BOOKMARK [0][-]{chapter.4}{\376\377\000K\000r\000i\000p\000t\000o\000g\000r\000a\000f\000i}{}% 10
\BOOKMARK [1][-]{section.4.1}{\376\377\000S\000t\000e\000g\000a\000n\000o\000g\000r\000a\000f\000i}{chapter.4}% 11
\BOOKMARK [1][-]{section.4.2}{\376\377\000K\000r\000i\000p\000t\000o\000g\000r\000a\000f\000i}{chapter.4}% 12
\BOOKMARK [1][-]{section.4.3}{\376\377\000D\000i\000f\000f\000i\000e\000-\000H\000e\000l\000l\000m\000a\000n\000\040\000K\000e\000y\000\040\000E\000x\000c\000h\000a\000n\000g\000e}{chapter.4}% 13
\BOOKMARK [1][-]{section.4.4}{\376\377\000K\000u\000a\000l\000i\000t\000a\000s\000\040\000S\000i\000s\000t\000e\000m\000\040\000K\000r\000i\000p\000t\000o\000g\000r\000a\000f\000i}{chapter.4}% 14
\BOOKMARK [1][-]{section.4.5}{\376\377\000F\000u\000n\000g\000s\000i\000\040\000H\000a\000s\000h}{chapter.4}% 15
\BOOKMARK [1][-]{section.4.6}{\376\377\000M\000D\0005}{chapter.4}% 16
\BOOKMARK [0][-]{chapter.5}{\376\377\000D\000o\000m\000a\000i\000n\000\040\000N\000a\000m\000e\000\040\000S\000y\000s\000t\000e\000m\000\040\000\050\000D\000N\000S\000\051}{}% 17
\BOOKMARK [1][-]{section.5.1}{\376\377\000S\000e\000j\000a\000r\000a\000h\000\040\000D\000N\000S}{chapter.5}% 18
\BOOKMARK [1][-]{section.5.2}{\376\377\000D\000N\000S\000\040\000F\000i\000l\000t\000e\000r\000i\000n\000g}{chapter.5}% 19
\BOOKMARK [1][-]{section.5.3}{\376\377\000D\000N\000S\000\040\000s\000p\000o\000o\000f\000i\000n\000g}{chapter.5}% 20
\BOOKMARK [1][-]{section.5.4}{\376\377\000Z\000o\000n\000e\000\040\000T\000r\000a\000n\000s\000f\000e\000r}{chapter.5}% 21
\BOOKMARK [1][-]{section.5.5}{\376\377\000R\000a\000n\000d\000o\000m\000\040\000L\000a\000b\000e\000l\000\040\000A\000t\000t\000a\000c\000k}{chapter.5}% 22
\BOOKMARK [0][-]{chapter.6}{\376\377\000P\000G\000P\000\040\000/\000\040\000G\000n\000u\000\040\000P\000r\000i\000v\000a\000c\000y\000\040\000G\000u\000a\000r\000d}{}% 23
\BOOKMARK [1][-]{section.6.1}{\376\377\000S\000e\000j\000a\000r\000a\000h}{chapter.6}% 24
\BOOKMARK [1][-]{section.6.2}{\376\377\000M\000e\000n\000g\000g\000u\000n\000a\000k\000a\000n\000\040\000G\000n\000u\000\040\000P\000r\000i\000v\000a\000c\000y\000\040\000G\000u\000a\000r\000d\000,\000\040\000g\000p\000g}{chapter.6}% 25
\BOOKMARK [1][-]{section.6.3}{\376\377\000T\000o\000o\000l\000s}{chapter.6}% 26
\BOOKMARK [1][-]{section.6.4}{\376\377\000W\000e\000b\000\040\000o\000f\000\040\000T\000r\000u\000s\000t}{chapter.6}% 27
\BOOKMARK [0][-]{chapter.7}{\376\377\000K\000e\000a\000m\000a\000n\000a\000n\000\040\000S\000i\000s\000t\000e\000m\000\040\000E\000m\000a\000i\000l}{}% 28
\BOOKMARK [1][-]{section.7.1}{\376\377\000K\000o\000m\000p\000o\000n\000e\000n\000\040\000S\000i\000s\000t\000e\000m\000\040\000E\000m\000a\000i\000l}{chapter.7}% 29
\BOOKMARK [1][-]{section.7.2}{\376\377\000S\000t\000a\000n\000d\000a\000r\000\040\000E\000m\000a\000i\000l}{chapter.7}% 30
\BOOKMARK [1][-]{section.7.3}{\376\377\000P\000e\000n\000y\000a\000d\000a\000p\000a\000n\000\040\000E\000m\000a\000i\000l}{chapter.7}% 31
\BOOKMARK [1][-]{section.7.4}{\376\377\000P\000e\000m\000a\000l\000s\000u\000a\000n\000\040\000E\000m\000a\000i\000l}{chapter.7}% 32
\BOOKMARK [1][-]{section.7.5}{\376\377\000M\000a\000i\000l\000b\000o\000m\000b}{chapter.7}% 33
\BOOKMARK [1][-]{section.7.6}{\376\377\000S\000p\000a\000m}{chapter.7}% 34
\BOOKMARK [0][-]{chapter.8}{\376\377\000K\000e\000a\000m\000a\000n\000a\000n\000\040\000S\000i\000s\000t\000e\000m\000\040\000W\000e\000b}{}% 35
\BOOKMARK [1][-]{section.8.1}{\376\377\000S\000e\000j\000a\000r\000a\000h\000\040\000W\000e\000b}{chapter.8}% 36
\BOOKMARK [1][-]{section.8.2}{\376\377\000T\000o\000p\000o\000l\000o\000g\000i\000\040\000d\000a\000n\000\040\000A\000s\000u\000m\000s\000i}{chapter.8}% 37
\BOOKMARK [1][-]{section.8.3}{\376\377\000K\000e\000a\000m\000a\000n\000a\000n\000\040\000S\000e\000r\000v\000e\000r\000\040\000W\000e\000b}{chapter.8}% 38
\BOOKMARK [0][-]{chapter.9}{\376\377\000S\000o\000c\000i\000a\000l\000\040\000E\000n\000g\000i\000n\000e\000e\000r\000i\000n\000g}{}% 39
\BOOKMARK [0][-]{chapter.10}{\376\377\000P\000e\000n\000a\000n\000g\000a\000n\000a\000n\000\040\000I\000n\000s\000i\000d\000e\000n\000\040\000T\000e\000k\000n\000o\000l\000o\000g\000i\000\040\000I\000n\000f\000o\000r\000m\000a\000s\000i}{}% 40
\BOOKMARK [1][-]{section.10.1}{\376\377\000D\000e\000f\000i\000n\000i\000s\000i\000\040\000I\000n\000s\000i\000d\000e\000n}{chapter.10}% 41
\BOOKMARK [1][-]{section.10.2}{\376\377\000M\000e\000t\000o\000d\000o\000l\000o\000g\000i}{chapter.10}% 42
\BOOKMARK [1][-]{section.10.3}{\376\377\000L\000a\000t\000i\000h\000a\000n\000\040\000P\000e\000n\000a\000n\000g\000a\000n\000a\000n\000\040\000K\000e\000a\000m\000a\000n\000a\000n}{chapter.10}% 43
\BOOKMARK [0][-]{chapter.11}{\376\377\000P\000e\000n\000u\000t\000u\000p}{}% 44
\BOOKMARK [0][-]{chapter.12}{\376\377\000B\000i\000b\000l\000i\000o\000g\000r\000a\000p\000h\000y}{}% 45
\BOOKMARK [0][-]{section*.2}{\376\377\000A\000p\000p\000e\000n\000d\000i\000c\000e\000s}{}% 46
\BOOKMARK [0][-]{appendix.1.A}{\376\377\000t\000c\000p\000d\000u\000m\000p}{}% 47
